<?xml version="1.0" encoding="UTF-8"?>
<testng-results skipped="0" failed="0" ignored="0" total="1" passed="1">
  <reporter-output>
  </reporter-output>
  <suite name="Default suite" duration-ms="16759" started-at="2021-02-22T13:19:09 EST" finished-at="2021-02-22T13:19:25 EST">
    <groups>
    </groups>
    <test name="Default test" duration-ms="16759" started-at="2021-02-22T13:19:09 EST" finished-at="2021-02-22T13:19:25 EST">
      <class name="TC_330_FLIGHT_BOOKING">
        <test-method status="PASS" signature="NavigateURL()[pri:0, instance:TC_330_FLIGHT_BOOKING@551aa95a]" name="NavigateURL" is-config="true" duration-ms="8187" started-at="2021-02-22T13:19:09 EST" finished-at="2021-02-22T13:19:17 EST">
          <reporter-output>
          </reporter-output>
        </test-method> <!-- NavigateURL -->
        <test-method status="PASS" signature="Flight_Booking()[pri:1, instance:TC_330_FLIGHT_BOOKING@551aa95a]" name="Flight_Booking" duration-ms="8536" started-at="2021-02-22T13:19:17 EST" finished-at="2021-02-22T13:19:25 EST">
          <reporter-output>
          </reporter-output>
        </test-method> <!-- Flight_Booking -->
        <test-method status="PASS" signature="CloseBrowser()[pri:0, instance:TC_330_FLIGHT_BOOKING@551aa95a]" name="CloseBrowser" is-config="true" duration-ms="1" started-at="2021-02-22T13:19:25 EST" finished-at="2021-02-22T13:19:25 EST">
          <reporter-output>
          </reporter-output>
        </test-method> <!-- CloseBrowser -->
      </class> <!-- TC_330_FLIGHT_BOOKING -->
    </test> <!-- Default test -->
  </suite> <!-- Default suite -->
</testng-results>
